2026-01-19 16:49:30,962 - INFO - 成功读取CSV文件
2026-01-19 16:49:30,962 - INFO - 开始AutoGA实验: titanic_quick_test
2026-01-19 16:49:30,962 - INFO - 目标变量 'Survived': 类型=int64, 唯一值=2, 样本数=160
2026-01-19 16:49:43,129 - INFO - 已使用最佳预处理方案转换新数据: 40行 -> 40行
2026-01-19 16:49:43,130 - INFO - 检测到任务类型: binary_classification
2026-01-19 16:49:48,625 - INFO - Gen 1/5 | Best: 0.6687 | Avg: 0.6262 | Valid: 10/10 | Time: 5.50s
2026-01-19 16:50:03,712 - INFO - 
==================================================
2026-01-19 16:50:03,712 - INFO - 第5代：开始自动调整超参数范围
2026-01-19 16:50:03,712 - INFO - ==================================================
2026-01-19 16:50:03,712 - INFO -   ✓ LogisticRegression.C:
2026-01-19 16:50:03,712 - INFO -     原范围: [0.1, 1.0, 10.0]
2026-01-19 16:50:03,712 - INFO -     新范围: [9.9541, 9.977, 10.0, 10.0231, 10.0462]
2026-01-19 16:50:03,712 - INFO -   ✓ LogisticRegression.max_iter:
2026-01-19 16:50:03,712 - INFO -     原范围: [100, 200, 300, 400]
2026-01-19 16:50:03,712 - INFO -     新范围: [139, 186, 200, 233, 280, 300, 327]
2026-01-19 16:50:03,712 - INFO -   ✓ RandomForest.n_estimators:
2026-01-19 16:50:03,712 - INFO -     原范围: [50, 100, 200]
2026-01-19 16:50:03,712 - INFO -     新范围: [10, 38, 50, 66, 94, 100, 122]
2026-01-19 16:50:03,712 - INFO -   ✓ RandomForest.max_depth:
2026-01-19 16:50:03,712 - INFO -     原范围: [None, 10, 20]
2026-01-19 16:50:03,712 - INFO -     新范围: [9, 10, 20]
2026-01-19 16:50:03,712 - INFO -   ✓ GradientBoosting.n_estimators:
2026-01-19 16:50:03,712 - INFO -     原范围: [100, 200]
2026-01-19 16:50:03,712 - INFO -     新范围: [99, 100, 200]
2026-01-19 16:50:03,712 - INFO -   ✓ GradientBoosting.learning_rate:
2026-01-19 16:50:03,712 - INFO -     原范围: [0.1, 0.05]
2026-01-19 16:50:03,712 - INFO -     新范围: [0.08, 0.09, 0.1, 0.11, 0.12]
2026-01-19 16:50:03,712 - INFO -   ✓ GradientBoosting.max_depth:
2026-01-19 16:50:03,712 - INFO -     原范围: [3, 4]
2026-01-19 16:50:03,712 - INFO -     新范围: [2, 3, 4]
2026-01-19 16:50:03,712 - INFO -   ✓ LightGBM.n_estimators:
2026-01-19 16:50:03,712 - INFO -     原范围: [50, 100, 200]
2026-01-19 16:50:03,712 - INFO -     新范围: [76, 87, 98, 100, 109, 120]
2026-01-19 16:50:03,712 - INFO -   ✓ LightGBM.max_depth:
2026-01-19 16:50:03,712 - INFO -     原范围: [3, 5, 7]
2026-01-19 16:50:03,712 - INFO -     新范围: [2, 3, 5, 7]
2026-01-19 16:50:03,712 - INFO -   ✓ LightGBM.learning_rate:
2026-01-19 16:50:03,712 - INFO -     原范围: [0.01, 0.1, 0.2]
2026-01-19 16:50:03,712 - INFO -     新范围: [0.0576, 0.0788, 0.1, 0.1212, 0.1424]
2026-01-19 16:50:03,712 - INFO -   ✓ LightGBM.num_leaves:
2026-01-19 16:50:03,712 - INFO -     原范围: [31, 63, 127]
2026-01-19 16:50:03,712 - INFO -     新范围: [47, 54, 61, 63, 68, 75]
2026-01-19 16:50:03,712 - INFO -   ✓ LightGBM.subsample:
2026-01-19 16:50:03,712 - INFO -     原范围: [0.6, 0.8, 1.0]
2026-01-19 16:50:03,712 - INFO -     新范围: [0.6478, 0.8049, 1.0]
2026-01-19 16:50:03,712 - INFO - ==================================================
2026-01-19 16:50:03,712 - INFO - ✓ 本次调整完成：共调整了 12 个超参数范围
2026-01-19 16:50:03,712 - INFO - ✓ 累计调整次数：1
2026-01-19 16:50:03,712 - INFO - ==================================================

2026-01-19 16:50:03,712 - INFO - Gen 5/5 | Best: 0.6687 | Avg: 0.6556 | Valid: 10/10 | Time: 20.58s
2026-01-19 16:50:03,728 - ERROR - 模型评估失败: The feature names should match those that were passed during fit.
Feature names seen at fit time, yet now missing:
- Pclass

2026-01-19 16:50:03,731 - ERROR - 额外指标计算失败: The feature names should match those that were passed during fit.
Feature names seen at fit time, yet now missing:
- Pclass

2026-01-19 16:50:03,733 - INFO - AutoGA完成: 训练得分=0.6687, 测试得分=-inf, 耗时=32.75s
2026-01-19 16:50:03,735 - INFO - 报告已生成: benchmark_results\quick_test_report.md
